Using pre-set license
Built from '2021.1/staging' branch; Version is '2021.1.14f1 (51d2f824827f) revision 5362424'; Using compiler version '192528614'; Build Type 'Release'
OS: 'Windows 10 Pro; OS build 19044.2604; Version 2009; 64bit' Language: 'de' Physical Memory: 8148 MB
BatchMode: 1, IsHumanControllingUs: 0, StartBugReporterOnCrash: 0, Is64bit: 1, IsPro: 0

 COMMAND LINE ARGUMENTS:
C:\Program Files\Unity\Hub\Editor\2021.1.14f1\Editor\Unity.exe
-adb2
-batchMode
-noUpm
-name
AssetImportWorker0
-projectPath
C:/Users/Paulina/Documents/GitHub/InteractiveClimateMuseum/InteractiveClimateMuseum/ClimateMuseum_Desktop
-logFile
Logs/AssetImportWorker0.log
-srvPort
54900
Successfully changed project path to: C:/Users/Paulina/Documents/GitHub/InteractiveClimateMuseum/InteractiveClimateMuseum/ClimateMuseum_Desktop
C:/Users/Paulina/Documents/GitHub/InteractiveClimateMuseum/InteractiveClimateMuseum/ClimateMuseum_Desktop
Using Asset Import Pipeline V2.
Refreshing native plugins compatible for Editor in 189.32 ms, found 8 plugins.
Preloading 0 native plugins for Editor in 0.00 ms.
Initialize engine version: 2021.1.14f1 (51d2f824827f)
[Subsystems] Discovering subsystems at path C:/Program Files/Unity/Hub/Editor/2021.1.14f1/Editor/Data/Resources/UnitySubsystems
[Subsystems] Discovering subsystems at path C:/Users/Paulina/Documents/GitHub/InteractiveClimateMuseum/InteractiveClimateMuseum/ClimateMuseum_Desktop/Assets
GfxDevice: creating device client; threaded=0; jobified=0
Direct3D:
    Version:  Direct3D 11.0 [level 11.1]
    Renderer: NVIDIA GeForce GTX 1060 6GB (ID=0x1c03)
    Vendor:   NVIDIA
    VRAM:     6052 MB
    Driver:   31.0.15.1694
Initialize mono
Mono path[0] = 'C:/Program Files/Unity/Hub/Editor/2021.1.14f1/Editor/Data/Managed'
Mono path[1] = 'C:/Program Files/Unity/Hub/Editor/2021.1.14f1/Editor/Data/MonoBleedingEdge/lib/mono/unityjit'
Mono config path = 'C:/Program Files/Unity/Hub/Editor/2021.1.14f1/Editor/Data/MonoBleedingEdge/etc'
Using monoOptions --debugger-agent=transport=dt_socket,embedding=1,server=y,suspend=n,address=127.0.0.1:56312
Begin MonoManager ReloadAssembly
Registering precompiled unity dll's ...
Register platform support module: C:/Program Files/Unity/Hub/Editor/2021.1.14f1/Editor/Data/PlaybackEngines/WindowsStandaloneSupport/UnityEditor.WindowsStandalone.Extensions.dll
Registered in 0.004151 seconds.
Native extension for WindowsStandalone target not found
Refreshing native plugins compatible for Editor in 128.43 ms, found 8 plugins.
Preloading 0 native plugins for Editor in 0.00 ms.
Mono: successfully reloaded assembly
- Completed reload, in  5.537 seconds
Domain Reload Profiling:
	ReloadAssembly (5538ms)
		BeginReloadAssembly (114ms)
			ExecutionOrderSort (0ms)
			DisableScriptedObjects (0ms)
			BackupInstance (0ms)
			ReleaseScriptingObjects (0ms)
			CreateAndSetChildDomain (1ms)
		EndReloadAssembly (857ms)
			LoadAssemblies (107ms)
			RebuildTransferFunctionScriptingTraits (0ms)
			SetupTypeCache (356ms)
			ReleaseScriptCaches (0ms)
			RebuildScriptCaches (50ms)
			SetupLoadedEditorAssemblies (370ms)
				LogAssemblyErrors (0ms)
				InitializePlatformSupportModulesInManaged (10ms)
				SetLoadedEditorAssemblies (0ms)
				RefreshPlugins (129ms)
				BeforeProcessingInitializeOnLoad (2ms)
				ProcessInitializeOnLoadAttributes (171ms)
				ProcessInitializeOnLoadMethodAttributes (57ms)
				AfterProcessingInitializeOnLoad (0ms)
				EditorAssembliesLoaded (0ms)
			ExecutionOrderSort2 (0ms)
			AwakeInstancesAfterBackupRestoration (0ms)
Platform modules already initialized, skipping
Registering precompiled user dll's ...
Registered in 0.008754 seconds.
Begin MonoManager ReloadAssembly
Native extension for WindowsStandalone target not found
Refreshing native plugins compatible for Editor in 127.71 ms, found 8 plugins.
Preloading 0 native plugins for Editor in 0.00 ms.
Mono: successfully reloaded assembly
- Completed reload, in  2.181 seconds
Domain Reload Profiling:
	ReloadAssembly (2182ms)
		BeginReloadAssembly (282ms)
			ExecutionOrderSort (0ms)
			DisableScriptedObjects (9ms)
			BackupInstance (0ms)
			ReleaseScriptingObjects (0ms)
			CreateAndSetChildDomain (37ms)
		EndReloadAssembly (1769ms)
			LoadAssemblies (155ms)
			RebuildTransferFunctionScriptingTraits (0ms)
			SetupTypeCache (633ms)
			ReleaseScriptCaches (1ms)
			RebuildScriptCaches (98ms)
			SetupLoadedEditorAssemblies (710ms)
				LogAssemblyErrors (0ms)
				InitializePlatformSupportModulesInManaged (6ms)
				SetLoadedEditorAssemblies (0ms)
				RefreshPlugins (128ms)
				BeforeProcessingInitializeOnLoad (115ms)
				ProcessInitializeOnLoadAttributes (432ms)
				ProcessInitializeOnLoadMethodAttributes (16ms)
				AfterProcessingInitializeOnLoad (13ms)
				EditorAssembliesLoaded (0ms)
			ExecutionOrderSort2 (0ms)
			AwakeInstancesAfterBackupRestoration (11ms)
Platform modules already initialized, skipping
========================================================================
Worker process is ready to serve import requests
Launched and connected shader compiler UnityShaderCompiler.exe after 0.08 seconds
Refreshing native plugins compatible for Editor in 1.22 ms, found 8 plugins.
Preloading 0 native plugins for Editor in 0.00 ms.
Unloading 2446 Unused Serialized files (Serialized files now loaded: 0)
System memory in use before: 114.0 MB.
System memory in use after: 114.2 MB.

Unloading 38 unused Assets to reduce memory usage. Loaded Objects now: 2889.
Total: 5.581400 ms (FindLiveObjects: 0.424200 ms CreateObjectMapping: 0.147300 ms MarkObjects: 4.829000 ms  DeleteObjects: 0.179100 ms)

AssetImportParameters requested are different than current active one (requested -> active):
  custom:framework-win-MediaFoundation: 216162199b28c13a410421893ffa2e32 -> 
  custom:video-decoder-ogg-theora: a1e56fd34408186e4bbccfd4996cb3dc -> 
  custom:container-muxer-webm: aa71ff27fc2769a1b78a27578f13a17b -> 
  custom:container-demuxer-webm: 4f35f7cbe854078d1ac9338744f61a02 -> 
  custom:container-demuxer-ogg: 62fdf1f143b41e24485cea50d1cbac27 -> 
  custom:video-encoder-webm-vp8: eb34c28f22e8b96e1ab97ce403110664 -> 
  custom:video-decoder-webm-vp8: 9c59270c3fd7afecdb556c50c9e8de78 -> 
  custom:audio-decoder-ogg-vorbis: bf7c407c2cedff20999df2af8eb42d56 -> 
  custom:audio-encoder-webm-vorbis: bf7c407c2cedff20999df2af8eb42d56 -> 
========================================================================
Received Import Request.
  path: Assets/Scripts/Simulator/EvironmentUpdate.cs
  artifactKey: Guid(b9c83e769031b314aa5c60c285371ed0) Importer(815301076,1909f56bfc062723c751e8b465ee728b)
Start importing Assets/Scripts/Simulator/EvironmentUpdate.cs using Guid(b9c83e769031b314aa5c60c285371ed0) Importer(815301076,1909f56bfc062723c751e8b465ee728b)  -> (artifact id: '363d6dad548cbcd6cac1ab3210532b03') in 0.049830 seconds 
========================================================================
Received Import Request.
  Time since last request: 868.123566 seconds.
  path: Assets/Scripts/PlayerScripts/QuitMuseum.cs
  artifactKey: Guid(56d398a4e161179308837b99f7b55649) Importer(815301076,1909f56bfc062723c751e8b465ee728b)
Start importing Assets/Scripts/PlayerScripts/QuitMuseum.cs using Guid(56d398a4e161179308837b99f7b55649) Importer(815301076,1909f56bfc062723c751e8b465ee728b)  -> (artifact id: 'bd493a1ec1d2347d5e54430cc270e2f7') in 0.006470 seconds 
========================================================================
Received Import Request.
  Time since last request: 2018.139792 seconds.
  path: Assets/Scripts/Simulator/GetSliderValues.cs
  artifactKey: Guid(4bfc3fa7693b23848adcb800b7974e87) Importer(815301076,1909f56bfc062723c751e8b465ee728b)
Start importing Assets/Scripts/Simulator/GetSliderValues.cs using Guid(4bfc3fa7693b23848adcb800b7974e87) Importer(815301076,1909f56bfc062723c751e8b465ee728b)  -> (artifact id: 'b41c3d034527509d2a590875ca5905b6') in 0.007045 seconds 
========================================================================
Received Import Request.
  Time since last request: 90.900170 seconds.
  path: Assets/Scripts/Simulator/EvironmentUpdate.cs
  artifactKey: Guid(b9c83e769031b314aa5c60c285371ed0) Importer(815301076,1909f56bfc062723c751e8b465ee728b)
Start importing Assets/Scripts/Simulator/EvironmentUpdate.cs using Guid(b9c83e769031b314aa5c60c285371ed0) Importer(815301076,1909f56bfc062723c751e8b465ee728b)  -> (artifact id: '63731811b10351ad71826a2ae3da165d') in 0.005525 seconds 
========================================================================
Received Import Request.
  Time since last request: 204.222511 seconds.
  path: Assets/Scripts/Simulator/EvironmentUpdate.cs
  artifactKey: Guid(b9c83e769031b314aa5c60c285371ed0) Importer(815301076,1909f56bfc062723c751e8b465ee728b)
Start importing Assets/Scripts/Simulator/EvironmentUpdate.cs using Guid(b9c83e769031b314aa5c60c285371ed0) Importer(815301076,1909f56bfc062723c751e8b465ee728b)  -> (artifact id: '8da8a8dd56ae2f1a6ab57c8ac4931bd0') in 0.005132 seconds 
========================================================================
Received Import Request.
  Time since last request: 9386.420431 seconds.
  path: Assets/Scripts/Simulator/EvironmentUpdate.cs
  artifactKey: Guid(b9c83e769031b314aa5c60c285371ed0) Importer(815301076,1909f56bfc062723c751e8b465ee728b)
Start importing Assets/Scripts/Simulator/EvironmentUpdate.cs using Guid(b9c83e769031b314aa5c60c285371ed0) Importer(815301076,1909f56bfc062723c751e8b465ee728b)  -> (artifact id: 'b99f6249c91f97ca4bdb17bfc00748e1') in 0.007544 seconds 
AssetImportWorkerClient::OnTransportError - code=2 error=End of file
