Using pre-set license
Built from '2021.3/staging' branch; Version is '2021.3.25f1 (68ef2c4f8861) revision 6876972'; Using compiler version '192829333'; Build Type 'Release'
OS: 'Windows 10  (10.0.19045) 64bit Professional' Language: 'de' Physical Memory: 8082 MB
BatchMode: 1, IsHumanControllingUs: 0, StartBugReporterOnCrash: 0, Is64bit: 1, IsPro: 1

COMMAND LINE ARGUMENTS:
C:\Program Files\Unity\Hub\Editor\2021.3.25f1\Editor\Unity.exe
-adb2
-batchMode
-noUpm
-name
AssetImportWorker0
-projectPath
C:/Users/killa/Documents/GitHub/InteractiveClimateMuseum/ClimateMuseum_VR
-logFile
Logs/AssetImportWorker0.log
-srvPort
58605
Successfully changed project path to: C:/Users/killa/Documents/GitHub/InteractiveClimateMuseum/ClimateMuseum_VR
C:/Users/killa/Documents/GitHub/InteractiveClimateMuseum/ClimateMuseum_VR
[UnityMemory] Configuration Parameters - Can be set up in boot.config
    "memorysetup-bucket-allocator-granularity=16"
    "memorysetup-bucket-allocator-bucket-count=8"
    "memorysetup-bucket-allocator-block-size=33554432"
    "memorysetup-bucket-allocator-block-count=8"
    "memorysetup-main-allocator-block-size=16777216"
    "memorysetup-thread-allocator-block-size=16777216"
    "memorysetup-gfx-main-allocator-block-size=16777216"
    "memorysetup-gfx-thread-allocator-block-size=16777216"
    "memorysetup-cache-allocator-block-size=4194304"
    "memorysetup-typetree-allocator-block-size=2097152"
    "memorysetup-profiler-bucket-allocator-granularity=16"
    "memorysetup-profiler-bucket-allocator-bucket-count=8"
    "memorysetup-profiler-bucket-allocator-block-size=33554432"
    "memorysetup-profiler-bucket-allocator-block-count=8"
    "memorysetup-profiler-allocator-block-size=16777216"
    "memorysetup-profiler-editor-allocator-block-size=1048576"
    "memorysetup-temp-allocator-size-main=16777216"
    "memorysetup-job-temp-allocator-block-size=2097152"
    "memorysetup-job-temp-allocator-block-size-background=1048576"
    "memorysetup-job-temp-allocator-reduction-small-platforms=262144"
    "memorysetup-temp-allocator-size-background-worker=32768"
    "memorysetup-temp-allocator-size-job-worker=262144"
    "memorysetup-temp-allocator-size-preload-manager=33554432"
    "memorysetup-temp-allocator-size-nav-mesh-worker=65536"
    "memorysetup-temp-allocator-size-audio-worker=65536"
    "memorysetup-temp-allocator-size-cloud-worker=32768"
    "memorysetup-temp-allocator-size-gi-baking-worker=262144"
    "memorysetup-temp-allocator-size-gfx=262144"
Player connection [21712] Host "[IP] 192.168.178.40 [Port] 0 [Flags] 2 [Guid] 8844573 [EditorId] 8844573 [Version] 1048832 [Id] WindowsEditor(7,DESKTOP-GJF6AVF) [Debug] 1 [PackageName] WindowsEditor [ProjectName] Editor" joined multi-casting on [225.0.0.222:54997]...

Player connection [21712] Host "[IP] 192.168.178.40 [Port] 0 [Flags] 2 [Guid] 8844573 [EditorId] 8844573 [Version] 1048832 [Id] WindowsEditor(7,DESKTOP-GJF6AVF) [Debug] 1 [PackageName] WindowsEditor [ProjectName] Editor" joined alternative multi-casting on [225.0.0.222:34997]...

Refreshing native plugins compatible for Editor in 78.18 ms, found 14 plugins.
Preloading 1 native plugins for Editor in 0.65 ms.
Initialize engine version: 2021.3.25f1 (68ef2c4f8861)
[Subsystems] Discovering subsystems at path C:/Program Files/Unity/Hub/Editor/2021.3.25f1/Editor/Data/Resources/UnitySubsystems
[Subsystems] Discovering subsystems at path C:/Users/killa/Documents/GitHub/InteractiveClimateMuseum/ClimateMuseum_VR/Assets
GfxDevice: creating device client; threaded=0; jobified=0
Direct3D:
    Version:  Direct3D 11.0 [level 11.1]
    Renderer: Intel(R) UHD Graphics 620 (ID=0x5917)
    Vendor:   Intel
    VRAM:     4041 MB
    Driver:   26.20.100.7812
Initialize mono
Mono path[0] = 'C:/Program Files/Unity/Hub/Editor/2021.3.25f1/Editor/Data/Managed'
Mono path[1] = 'C:/Program Files/Unity/Hub/Editor/2021.3.25f1/Editor/Data/MonoBleedingEdge/lib/mono/unityjit-win32'
Mono config path = 'C:/Program Files/Unity/Hub/Editor/2021.3.25f1/Editor/Data/MonoBleedingEdge/etc'
Using monoOptions --debugger-agent=transport=dt_socket,embedding=1,server=y,suspend=n,address=127.0.0.1:56924
Begin MonoManager ReloadAssembly
Registering precompiled unity dll's ...
Register platform support module: C:/Program Files/Unity/Hub/Editor/2021.3.25f1/Editor/Data/PlaybackEngines/WindowsStandaloneSupport/UnityEditor.WindowsStandalone.Extensions.dll
Registered in 0.011639 seconds.
Native extension for WindowsStandalone target not found
Refreshing native plugins compatible for Editor in 60.35 ms, found 14 plugins.
Preloading 1 native plugins for Editor in 0.14 ms.
Mono: successfully reloaded assembly
- Completed reload, in  0.924 seconds
Domain Reload Profiling:
	ReloadAssembly (925ms)
		BeginReloadAssembly (147ms)
			ExecutionOrderSort (0ms)
			DisableScriptedObjects (0ms)
			BackupInstance (0ms)
			ReleaseScriptingObjects (0ms)
			CreateAndSetChildDomain (1ms)
		EndReloadAssembly (614ms)
			LoadAssemblies (144ms)
			RebuildTransferFunctionScriptingTraits (0ms)
			SetupTypeCache (158ms)
			ReleaseScriptCaches (0ms)
			RebuildScriptCaches (41ms)
			SetupLoadedEditorAssemblies (334ms)
				LogAssemblyErrors (0ms)
				InitializePlatformSupportModulesInManaged (12ms)
				SetLoadedEditorAssemblies (0ms)
				RefreshPlugins (61ms)
				BeforeProcessingInitializeOnLoad (2ms)
				ProcessInitializeOnLoadAttributes (191ms)
				ProcessInitializeOnLoadMethodAttributes (68ms)
				AfterProcessingInitializeOnLoad (0ms)
				EditorAssembliesLoaded (0ms)
			ExecutionOrderSort2 (0ms)
			AwakeInstancesAfterBackupRestoration (0ms)
Platform modules already initialized, skipping
Registering precompiled user dll's ...
Registered in 0.012531 seconds.
Begin MonoManager ReloadAssembly
Native extension for WindowsStandalone target not found
Refreshing native plugins compatible for Editor in 56.09 ms, found 14 plugins.
Preloading 1 native plugins for Editor in 0.17 ms.
Package Manager log level set to [2]
System.Reflection.TargetInvocationException: Exception has been thrown by the target of an invocation. ---> System.NullReferenceException: Object reference not set to an instance of an object
  at Unity.XR.Oculus.OculusLoader.AssetPathToAbsolutePath (System.String assetPath) [0x0003d] in C:\Users\killa\Documents\GitHub\InteractiveClimateMuseum\ClimateMuseum_VR\Library\PackageCache\com.unity.xr.oculus@3.3.0\Runtime\OculusLoader.cs:282 
  at Unity.XR.Oculus.OculusLoader.EditorLoadOVRPlugin () [0x0007b] in C:\Users\killa\Documents\GitHub\InteractiveClimateMuseum\ClimateMuseum_VR\Library\PackageCache\com.unity.xr.oculus@3.3.0\Runtime\OculusLoader.cs:267 
  at (wrapper managed-to-native) System.Reflection.RuntimeMethodInfo.InternalInvoke(System.Reflection.RuntimeMethodInfo,object,object[],System.Exception&)
  at System.Reflection.RuntimeMethodInfo.Invoke (System.Object obj, System.Reflection.BindingFlags invokeAttr, System.Reflection.Binder binder, System.Object[] parameters, System.Globalization.CultureInfo culture) [0x0006a] in <a40b0ad4a868437393ad434631fb6ff1>:0 
   --- End of inner exception stack trace ---
  at System.Reflection.RuntimeMethodInfo.Invoke (System.Object obj, System.Reflection.BindingFlags invokeAttr, System.Reflection.Binder binder, System.Object[] parameters, System.Globalization.CultureInfo culture) [0x00083] in <a40b0ad4a868437393ad434631fb6ff1>:0 
  at System.Reflection.MethodBase.Invoke (System.Object obj, System.Object[] parameters) [0x00000] in <a40b0ad4a868437393ad434631fb6ff1>:0 
  at UnityEditor.EditorAssemblies.ProcessInitializeOnLoadMethodAttributes () [0x000a5] in <5092d70d16a64dd9a555dd50f38aead0>:0 
UnityEngine.StackTraceUtility:ExtractStackTrace ()
UnityEngine.DebugLogHandler:LogFormat (UnityEngine.LogType,UnityEngine.Object,string,object[])
UnityEngine.Logger:Log (UnityEngine.LogType,object)
UnityEngine.Debug:LogError (object)
UnityEditor.EditorAssemblies:ProcessInitializeOnLoadMethodAttributes ()

Mono: successfully reloaded assembly
- Completed reload, in  1.570 seconds
Domain Reload Profiling:
	ReloadAssembly (1571ms)
		BeginReloadAssembly (171ms)
			ExecutionOrderSort (0ms)
			DisableScriptedObjects (8ms)
			BackupInstance (0ms)
			ReleaseScriptingObjects (0ms)
			CreateAndSetChildDomain (25ms)
		EndReloadAssembly (1236ms)
			LoadAssemblies (129ms)
			RebuildTransferFunctionScriptingTraits (0ms)
			SetupTypeCache (327ms)
			ReleaseScriptCaches (1ms)
			RebuildScriptCaches (74ms)
			SetupLoadedEditorAssemblies (652ms)
				LogAssemblyErrors (0ms)
				InitializePlatformSupportModulesInManaged (7ms)
				SetLoadedEditorAssemblies (0ms)
				RefreshPlugins (56ms)
				BeforeProcessingInitializeOnLoad (86ms)
				ProcessInitializeOnLoadAttributes (448ms)
				ProcessInitializeOnLoadMethodAttributes (42ms)
				AfterProcessingInitializeOnLoad (12ms)
				EditorAssembliesLoaded (0ms)
			ExecutionOrderSort2 (0ms)
			AwakeInstancesAfterBackupRestoration (12ms)
Platform modules already initialized, skipping
========================================================================
Worker process is ready to serve import requests
Launched and connected shader compiler UnityShaderCompiler.exe after 0.07 seconds
Refreshing native plugins compatible for Editor in 2.07 ms, found 14 plugins.
Preloading 1 native plugins for Editor in 0.28 ms.
Unloading 2311 Unused Serialized files (Serialized files now loaded: 0)
Unloading 46 unused Assets / (56.5 KB). Loaded Objects now: 2764.
Memory consumption went from 102.9 MB to 102.8 MB.
Total: 6.132000 ms (FindLiveObjects: 0.457300 ms CreateObjectMapping: 0.288300 ms MarkObjects: 5.185300 ms  DeleteObjects: 0.199400 ms)

AssetImportParameters requested are different than current active one (requested -> active):
  custom:video-decoder-ogg-theora: a1e56fd34408186e4bbccfd4996cb3dc -> 
  custom:container-muxer-webm: aa71ff27fc2769a1b78a27578f13a17b -> 
  custom:container-demuxer-webm: 4f35f7cbe854078d1ac9338744f61a02 -> 
  custom:video-encoder-webm-vp8: eb34c28f22e8b96e1ab97ce403110664 -> 
  custom:audio-encoder-webm-vorbis: bf7c407c2cedff20999df2af8eb42d56 -> 
  custom:framework-win-MediaFoundation: 216162199b28c13a410421893ffa2e32 -> 
  custom:container-demuxer-ogg: 62fdf1f143b41e24485cea50d1cbac27 -> 
  custom:video-decoder-webm-vp8: 9c59270c3fd7afecdb556c50c9e8de78 -> 
  custom:audio-decoder-ogg-vorbis: bf7c407c2cedff20999df2af8eb42d56 -> 
========================================================================
Received Import Request.
  Time since last request: 69301.894597 seconds.
  path: Assets/ZFBrowser/Prefabs/VRBrowserHand.prefab
  artifactKey: Guid(056989635f134f848811d412a036132d) Importer(815301076,1909f56bfc062723c751e8b465ee728b)
Start importing Assets/ZFBrowser/Prefabs/VRBrowserHand.prefab using Guid(056989635f134f848811d412a036132d) Importer(815301076,1909f56bfc062723c751e8b465ee728b)  -> (artifact id: 'b79df001c17a57971630fed0c3137b32') in 0.197319 seconds 
========================================================================
Received Import Request.
  Time since last request: 0.000032 seconds.
  path: Assets/ZFBrowser/Prefabs/Browser (VR).prefab
  artifactKey: Guid(e003a9e94cb96184d9eb8d8fb5733a32) Importer(815301076,1909f56bfc062723c751e8b465ee728b)
Start importing Assets/ZFBrowser/Prefabs/Browser (VR).prefab using Guid(e003a9e94cb96184d9eb8d8fb5733a32) Importer(815301076,1909f56bfc062723c751e8b465ee728b)  -> (artifact id: '7b75086d3b9138f466c8d1eff440a0d5') in 0.101336 seconds 
========================================================================
Received Import Request.
  Time since last request: 1.636391 seconds.
  path: Assets/Images/Status quo - Global Sources of Primary Energy.png
  artifactKey: Guid(a774573f1d8139874ae0275f104d49e6) Importer(815301076,1909f56bfc062723c751e8b465ee728b)
Start importing Assets/Images/Status quo - Global Sources of Primary Energy.png using Guid(a774573f1d8139874ae0275f104d49e6) Importer(815301076,1909f56bfc062723c751e8b465ee728b)  -> (artifact id: '419a4e0eb41a2afa03cd5de6f5450cd8') in 0.159961 seconds 
========================================================================
Received Import Request.
  Time since last request: 3.600740 seconds.
  path: Assets/SteamVR/Prefabs/[CameraRig].prefab
  artifactKey: Guid(4d293c8e162f3874b982baadd71153d2) Importer(815301076,1909f56bfc062723c751e8b465ee728b)
Start importing Assets/SteamVR/Prefabs/[CameraRig].prefab using Guid(4d293c8e162f3874b982baadd71153d2) Importer(815301076,1909f56bfc062723c751e8b465ee728b)  -> (artifact id: 'b678a88729f1aadb61bd05040bf71451') in 0.035487 seconds 
========================================================================
Received Import Request.
  Time since last request: 0.000019 seconds.
  path: Assets/SteamVR/InteractionSystem/Longbow/Prefabs/BalloonPop.prefab
  artifactKey: Guid(9d2dddaae5c812841accc43e4da1fccd) Importer(815301076,1909f56bfc062723c751e8b465ee728b)
Start importing Assets/SteamVR/InteractionSystem/Longbow/Prefabs/BalloonPop.prefab using Guid(9d2dddaae5c812841accc43e4da1fccd) Importer(815301076,1909f56bfc062723c751e8b465ee728b)  -> (artifact id: '18f45ae87e626fff274b7c43c73ad1ba') in 0.145163 seconds 
========================================================================
Received Import Request.
  Time since last request: 0.000026 seconds.
  path: Assets/Prefabs/Panels/Browser (Mouse)(1).prefab
  artifactKey: Guid(6d0eba239745edb4c9ddbd7bb4399a66) Importer(815301076,1909f56bfc062723c751e8b465ee728b)
Start importing Assets/Prefabs/Panels/Browser (Mouse)(1).prefab using Guid(6d0eba239745edb4c9ddbd7bb4399a66) Importer(815301076,1909f56bfc062723c751e8b465ee728b)  -> (artifact id: 'e5097d772a1552613eb16b556805c260') in 0.018119 seconds 
========================================================================
Received Import Request.
  Time since last request: 0.000050 seconds.
  path: Assets/Prefabs/Panels/PanelContent/Carbon Pricing Panel Content.prefab
  artifactKey: Guid(fe76e310cd2a3f5c1b9beea91df76ac5) Importer(815301076,1909f56bfc062723c751e8b465ee728b)
Start importing Assets/Prefabs/Panels/PanelContent/Carbon Pricing Panel Content.prefab using Guid(fe76e310cd2a3f5c1b9beea91df76ac5) Importer(815301076,1909f56bfc062723c751e8b465ee728b)  -> (artifact id: 'bbdcedf2f44ab1b88c4cbefb77f481be') in 0.126775 seconds 
========================================================================
Received Import Request.
  Time since last request: 0.000029 seconds.
  path: Assets/Prefabs/Headers/Energy Supply/Bioenergy/BioenergyHeaderWhite.prefab
  artifactKey: Guid(efad6268b27079dd8834aa3baedfb4ed) Importer(815301076,1909f56bfc062723c751e8b465ee728b)
Start importing Assets/Prefabs/Headers/Energy Supply/Bioenergy/BioenergyHeaderWhite.prefab using Guid(efad6268b27079dd8834aa3baedfb4ed) Importer(815301076,1909f56bfc062723c751e8b465ee728b)  -> (artifact id: '71dfe6dcd5f15a0d73a6909a4708e27d') in 0.008621 seconds 
========================================================================
Received Import Request.
  Time since last request: 0.000046 seconds.
  path: Assets/SteamVR/InteractionSystem/Longbow/Prefabs/Balloon.prefab
  artifactKey: Guid(8e13c6e5a21aeea4db3c25ef0e529308) Importer(815301076,1909f56bfc062723c751e8b465ee728b)
Start importing Assets/SteamVR/InteractionSystem/Longbow/Prefabs/Balloon.prefab using Guid(8e13c6e5a21aeea4db3c25ef0e529308) Importer(815301076,1909f56bfc062723c751e8b465ee728b)  -> (artifact id: 'd9f0ef3604ab452fab500562b50e5fd2') in 0.501198 seconds 
========================================================================
Received Import Request.
  Time since last request: 0.000033 seconds.
  path: Assets/ZFBrowser/Prefabs/Legacy/BrowserQuad.prefab
  artifactKey: Guid(f2e09d52524cce94e8594b983b316198) Importer(815301076,1909f56bfc062723c751e8b465ee728b)
Start importing Assets/ZFBrowser/Prefabs/Legacy/BrowserQuad.prefab using Guid(f2e09d52524cce94e8594b983b316198) Importer(815301076,1909f56bfc062723c751e8b465ee728b)  -> (artifact id: '9aee4937b08f19d422f36c9b2d71aab3') in 0.071349 seconds 
========================================================================
Received Import Request.
  Time since last request: 0.000038 seconds.
  path: Assets/Prefabs/Headers/Buildings _ Industry/Efficiency/BIEfficiencyHeaderWhite.prefab
  artifactKey: Guid(3ccdbcd5c278f68dd867fb5462231177) Importer(815301076,1909f56bfc062723c751e8b465ee728b)
Start importing Assets/Prefabs/Headers/Buildings _ Industry/Efficiency/BIEfficiencyHeaderWhite.prefab using Guid(3ccdbcd5c278f68dd867fb5462231177) Importer(815301076,1909f56bfc062723c751e8b465ee728b)  -> (artifact id: 'f465bfa2b1af639de2411eda9a6065c3') in 0.010082 seconds 
========================================================================
Received Import Request.
  Time since last request: 0.000298 seconds.
  path: Assets/ZFBrowser/Demo/Prefabs/BigCoin.prefab
  artifactKey: Guid(ca250b83fd1968d449d9ec6156726be5) Importer(815301076,1909f56bfc062723c751e8b465ee728b)
Start importing Assets/ZFBrowser/Demo/Prefabs/BigCoin.prefab using Guid(ca250b83fd1968d449d9ec6156726be5) Importer(815301076,1909f56bfc062723c751e8b465ee728b)  -> (artifact id: '563c35b3456f8d796470fcc2cc2e49ae') in 0.045711 seconds 
========================================================================
Received Import Request.
  Time since last request: 0.000036 seconds.
  path: Assets/Prefabs/Headers/Buildings _ Industry/Electrification/BIElectrificationHeaderBlack.prefab
  artifactKey: Guid(74f3e4d59cc3642fe8843d9fedf992f5) Importer(815301076,1909f56bfc062723c751e8b465ee728b)
Start importing Assets/Prefabs/Headers/Buildings _ Industry/Electrification/BIElectrificationHeaderBlack.prefab using Guid(74f3e4d59cc3642fe8843d9fedf992f5) Importer(815301076,1909f56bfc062723c751e8b465ee728b)  -> (artifact id: 'c89d8cb596a83f9301c6d31a50959d5c') in 0.011124 seconds 
========================================================================
Received Import Request.
  Time since last request: 0.000034 seconds.
  path: Assets/SteamVR/InteractionSystem/Longbow/Prefabs/ArcheryWeeble.prefab
  artifactKey: Guid(7fe1fef3cfad86946b3a549d6934330b) Importer(815301076,1909f56bfc062723c751e8b465ee728b)
Start importing Assets/SteamVR/InteractionSystem/Longbow/Prefabs/ArcheryWeeble.prefab using Guid(7fe1fef3cfad86946b3a549d6934330b) Importer(815301076,1909f56bfc062723c751e8b465ee728b)  -> (artifact id: '626cef952f53a0899711d90b43a7f9e8') in 0.282140 seconds 
========================================================================
Received Import Request.
  Time since last request: 0.000044 seconds.
  path: Assets/Prefabs/Headers/Carbon Removal/Afforestation/AfforestationHeaderWhite.prefab
  artifactKey: Guid(effa756e67211f50b8ef47fe518cfe4f) Importer(815301076,1909f56bfc062723c751e8b465ee728b)
Start importing Assets/Prefabs/Headers/Carbon Removal/Afforestation/AfforestationHeaderWhite.prefab using Guid(effa756e67211f50b8ef47fe518cfe4f) Importer(815301076,1909f56bfc062723c751e8b465ee728b)  -> (artifact id: '21c26dee91962c1088156efb3cc2ca2c') in 0.011294 seconds 
========================================================================
Received Import Request.
  Time since last request: 0.000097 seconds.
  path: Assets/Prefabs/BackgroundImages/CarbonRemoval/Carbon Removal.prefab
  artifactKey: Guid(2804f15992b55e4a595fb95221e8a4c0) Importer(815301076,1909f56bfc062723c751e8b465ee728b)
Start importing Assets/Prefabs/BackgroundImages/CarbonRemoval/Carbon Removal.prefab using Guid(2804f15992b55e4a595fb95221e8a4c0) Importer(815301076,1909f56bfc062723c751e8b465ee728b)  -> (artifact id: '2ad6701486fc5fa09d343330639d7f4b') in 0.010739 seconds 
========================================================================
Received Import Request.
  Time since last request: 0.000092 seconds.
  path: Assets/Prefabs/BackgroundImages/CarbonRemoval/Afforestation.prefab
  artifactKey: Guid(6eb1abaef9a4cd45b8110b7a2551369d) Importer(815301076,1909f56bfc062723c751e8b465ee728b)
Start importing Assets/Prefabs/BackgroundImages/CarbonRemoval/Afforestation.prefab using Guid(6eb1abaef9a4cd45b8110b7a2551369d) Importer(815301076,1909f56bfc062723c751e8b465ee728b)  -> (artifact id: 'eb75228a988f1337510441810513d86a') in 0.007973 seconds 
========================================================================
Received Import Request.
  Time since last request: 0.000037 seconds.
  path: Assets/Prefabs/Headers/Carbon Removal/Afforestation/AfforestationHeaderLarge.prefab
  artifactKey: Guid(a8c94d9efd833a646a7d0bb2fdccb1d0) Importer(815301076,1909f56bfc062723c751e8b465ee728b)
Start importing Assets/Prefabs/Headers/Carbon Removal/Afforestation/AfforestationHeaderLarge.prefab using Guid(a8c94d9efd833a646a7d0bb2fdccb1d0) Importer(815301076,1909f56bfc062723c751e8b465ee728b)  -> (artifact id: '444d5a2b75b1f470c3f31ee7b65435c9') in 0.009805 seconds 
========================================================================
Received Import Request.
  Time since last request: 0.000019 seconds.
  path: Assets/Prefabs/BackgroundImages/BuildingsIndustry/BI Efficiency.prefab
  artifactKey: Guid(8b114ebff408da735b842aff94d61d51) Importer(815301076,1909f56bfc062723c751e8b465ee728b)
Start importing Assets/Prefabs/BackgroundImages/BuildingsIndustry/BI Efficiency.prefab using Guid(8b114ebff408da735b842aff94d61d51) Importer(815301076,1909f56bfc062723c751e8b465ee728b)  -> (artifact id: 'de18fe3cdfcfa6c1cd1e624d1f1bc268') in 0.009814 seconds 
========================================================================
Received Import Request.
  Time since last request: 0.000083 seconds.
  path: Assets/SteamVR/Prefabs/[SteamVR].prefab
  artifactKey: Guid(4f35fa249b5008c44ac2998be6f82d4d) Importer(815301076,1909f56bfc062723c751e8b465ee728b)
Start importing Assets/SteamVR/Prefabs/[SteamVR].prefab using Guid(4f35fa249b5008c44ac2998be6f82d4d) Importer(815301076,1909f56bfc062723c751e8b465ee728b)  -> (artifact id: '7d98e279b7564c55425d43b89a9a223a') in 0.015343 seconds 
========================================================================
Received Import Request.
  Time since last request: 0.000056 seconds.
  path: Assets/Prefabs/Panels/PanelContent/Afforestation Panel Content.prefab
  artifactKey: Guid(244326e386e84e55b93d8a4c78646b10) Importer(815301076,1909f56bfc062723c751e8b465ee728b)
Start importing Assets/Prefabs/Panels/PanelContent/Afforestation Panel Content.prefab using Guid(244326e386e84e55b93d8a4c78646b10) Importer(815301076,1909f56bfc062723c751e8b465ee728b)  -> (artifact id: 'bea9d81e203c314768b9d1bea989b93e') in 0.061776 seconds 
========================================================================
Received Import Request.
  Time since last request: 0.000056 seconds.
  path: Assets/Prefabs/Headers/Carbon Removal/Afforestation/AfforestationHeaderBlack.prefab
  artifactKey: Guid(d1b3d42a3c126c31bad8555138e7108a) Importer(815301076,1909f56bfc062723c751e8b465ee728b)
Start importing Assets/Prefabs/Headers/Carbon Removal/Afforestation/AfforestationHeaderBlack.prefab using Guid(d1b3d42a3c126c31bad8555138e7108a) Importer(815301076,1909f56bfc062723c751e8b465ee728b)  -> (artifact id: 'f9917976074d80fca2f8f6206ace30ad') in 0.011449 seconds 
========================================================================
Received Import Request.
  Time since last request: 0.000128 seconds.
  path: Assets/Prefabs/Panels/PanelContent/BI Efficiency Panel Content.prefab
  artifactKey: Guid(14dd85a765f74edf5a784de35dbb5caa) Importer(815301076,1909f56bfc062723c751e8b465ee728b)
Start importing Assets/Prefabs/Panels/PanelContent/BI Efficiency Panel Content.prefab using Guid(14dd85a765f74edf5a784de35dbb5caa) Importer(815301076,1909f56bfc062723c751e8b465ee728b)  -> (artifact id: '66b3a7a9281786b53309bf58214cc7de') in 0.080180 seconds 
========================================================================
Received Import Request.
  Time since last request: 0.000075 seconds.
  path: Assets/Prefabs/Panels/PanelContent/BI Electrification Panel Content.prefab
  artifactKey: Guid(0f0a93744a72713e79db422bbc3a3a49) Importer(815301076,1909f56bfc062723c751e8b465ee728b)
Start importing Assets/Prefabs/Panels/PanelContent/BI Electrification Panel Content.prefab using Guid(0f0a93744a72713e79db422bbc3a3a49) Importer(815301076,1909f56bfc062723c751e8b465ee728b)  -> (artifact id: '257c7679e530a124aab9bea1cf0435bb') in 0.061272 seconds 
========================================================================
Received Import Request.
  Time since last request: 0.000091 seconds.
  path: Assets/SteamVR/InteractionSystem/Samples/Prefabs/Buggy.prefab
  artifactKey: Guid(1e914d8e31fa95b488c87df17e68d504) Importer(815301076,1909f56bfc062723c751e8b465ee728b)
Start importing Assets/SteamVR/InteractionSystem/Samples/Prefabs/Buggy.prefab using Guid(1e914d8e31fa95b488c87df17e68d504) Importer(815301076,1909f56bfc062723c751e8b465ee728b)  -> (artifact id: 'd218506ef17389560a673272192c81e9') in 0.536134 seconds 
========================================================================
Received Import Request.
  Time since last request: 0.000022 seconds.
  path: Assets/Materials/Coal.mat
  artifactKey: Guid(99b17d59d6c4ffff48097fa4956287f5) Importer(815301076,1909f56bfc062723c751e8b465ee728b)
Start importing Assets/Materials/Coal.mat using Guid(99b17d59d6c4ffff48097fa4956287f5) Importer(815301076,1909f56bfc062723c751e8b465ee728b)  -> (artifact id: 'a15af3a8ef81ae793d7148fbcabdc393') in 0.057076 seconds 
========================================================================
Received Import Request.
  Time since last request: 0.000043 seconds.
  path: Assets/Materials/d_expertbuho.mat
  artifactKey: Guid(2a1526b8fedb29f44ab719035deb7f07) Importer(815301076,1909f56bfc062723c751e8b465ee728b)
Start importing Assets/Materials/d_expertbuho.mat using Guid(2a1526b8fedb29f44ab719035deb7f07) Importer(815301076,1909f56bfc062723c751e8b465ee728b)  -> (artifact id: '2ad465f8de202cf7cb8cc6fa4f1aa361') in 0.022950 seconds 
========================================================================
Received Import Request.
  Time since last request: 0.000029 seconds.
  path: Assets/Materials/d_colorbuho.mat
  artifactKey: Guid(b0f9eed645492ad469a55701d29c88e0) Importer(815301076,1909f56bfc062723c751e8b465ee728b)
Start importing Assets/Materials/d_colorbuho.mat using Guid(b0f9eed645492ad469a55701d29c88e0) Importer(815301076,1909f56bfc062723c751e8b465ee728b)  -> (artifact id: 'b106c4f937fd8eb462b8378c059522ab') in 0.024615 seconds 
========================================================================
Received Import Request.
  Time since last request: 0.000032 seconds.
  path: Assets/Materials/Cost of Energy.mat
  artifactKey: Guid(f2eb85b893e0b10bf99c09dbc9358f9a) Importer(815301076,1909f56bfc062723c751e8b465ee728b)
Start importing Assets/Materials/Cost of Energy.mat using Guid(f2eb85b893e0b10bf99c09dbc9358f9a) Importer(815301076,1909f56bfc062723c751e8b465ee728b)  -> (artifact id: '81f3a6cda35eaf3f70cd17d56f97dfb3') in 0.014955 seconds 
========================================================================
Received Import Request.
  Time since last request: 0.000022 seconds.
  path: Assets/Materials/buttonssosigninunity.mat
  artifactKey: Guid(f616dd367b76a8144aede07739625f90) Importer(815301076,1909f56bfc062723c751e8b465ee728b)
Start importing Assets/Materials/buttonssosigninunity.mat using Guid(f616dd367b76a8144aede07739625f90) Importer(815301076,1909f56bfc062723c751e8b465ee728b)  -> (artifact id: '6d0e3a7b9d6d3879117912eaf2d9573c') in 0.018731 seconds 
========================================================================
Received Import Request.
  Time since last request: 0.000089 seconds.
  path: Assets/Materials/Carbon Pricing Greenhousegas Effect.mat
  artifactKey: Guid(b37bab07f678bd13f88f7a44873e3922) Importer(815301076,1909f56bfc062723c751e8b465ee728b)
Start importing Assets/Materials/Carbon Pricing Greenhousegas Effect.mat using Guid(b37bab07f678bd13f88f7a44873e3922) Importer(815301076,1909f56bfc062723c751e8b465ee728b)  -> (artifact id: 'd7cd9b85f6d729c43be1364fba1def91') in 0.019406 seconds 
========================================================================
Received Import Request.
  Time since last request: 0.000035 seconds.
  path: Assets/Materials/buttonssosigningoogle.mat
  artifactKey: Guid(3295e11d43ad67d4ebe8823800d126ba) Importer(815301076,1909f56bfc062723c751e8b465ee728b)
Start importing Assets/Materials/buttonssosigningoogle.mat using Guid(3295e11d43ad67d4ebe8823800d126ba) Importer(815301076,1909f56bfc062723c751e8b465ee728b)  -> (artifact id: 'a4c55781a7ab695b82becd2593d57e2b') in 0.017032 seconds 
========================================================================
Received Import Request.
  Time since last request: 0.000032 seconds.
  path: Assets/Materials/Carbon_Pricing_Greenhousegas_Effect.mat
  artifactKey: Guid(b3892ecb3ec4627b684328d21de04782) Importer(815301076,1909f56bfc062723c751e8b465ee728b)
Start importing Assets/Materials/Carbon_Pricing_Greenhousegas_Effect.mat using Guid(b3892ecb3ec4627b684328d21de04782) Importer(815301076,1909f56bfc062723c751e8b465ee728b)  -> (artifact id: '7f64d63e53ece500b79486345dda2fe1') in 0.014951 seconds 
========================================================================
Received Import Request.
  Time since last request: 0.000024 seconds.
  path: Assets/Materials/ControllerTrackpad.mat
  artifactKey: Guid(2ac1a4cc9387d87439a5e100b713abd9) Importer(815301076,1909f56bfc062723c751e8b465ee728b)
Start importing Assets/Materials/ControllerTrackpad.mat using Guid(2ac1a4cc9387d87439a5e100b713abd9) Importer(815301076,1909f56bfc062723c751e8b465ee728b)  -> (artifact id: 'efa54020a9d6a4bbb32afed7db9b5e4f') in 0.014640 seconds 
========================================================================
Received Import Request.
  Time since last request: 0.000097 seconds.
  path: Assets/Materials/d_colorbuhoshe.mat
  artifactKey: Guid(5e8a3f3ed053136458b93d8a2309623b) Importer(815301076,1909f56bfc062723c751e8b465ee728b)
Start importing Assets/Materials/d_colorbuhoshe.mat using Guid(5e8a3f3ed053136458b93d8a2309623b) Importer(815301076,1909f56bfc062723c751e8b465ee728b)  -> (artifact id: 'bde2a22f3e0fcf34f74788e19b627fe3') in 0.028352 seconds 
========================================================================
Received Import Request.
  Time since last request: 0.000050 seconds.
  path: Assets/Materials/Black.mat
  artifactKey: Guid(3d6a1705f54f8674bb2229824723af62) Importer(815301076,1909f56bfc062723c751e8b465ee728b)
Start importing Assets/Materials/Black.mat using Guid(3d6a1705f54f8674bb2229824723af62) Importer(815301076,1909f56bfc062723c751e8b465ee728b)  -> (artifact id: '918d26baf1cfa85e6e32ae8e17267adc') in 0.020769 seconds 
========================================================================
Received Import Request.
  Time since last request: 0.000039 seconds.
  path: Assets/Materials/BI Efficiency - Global Sources of Primary Energy.mat
  artifactKey: Guid(7af3c73701fa4735199df09cc9e96bf4) Importer(815301076,1909f56bfc062723c751e8b465ee728b)
Start importing Assets/Materials/BI Efficiency - Global Sources of Primary Energy.mat using Guid(7af3c73701fa4735199df09cc9e96bf4) Importer(815301076,1909f56bfc062723c751e8b465ee728b)  -> (artifact id: '5d866346b2d584f7bdec891b87bad406') in 0.015940 seconds 
========================================================================
Received Import Request.
  Time since last request: 0.000058 seconds.
  path: Assets/Materials/d_buttonssosigninemail@2x.mat
  artifactKey: Guid(c07c0a44c0c051e4c9c652d51b55490a) Importer(815301076,1909f56bfc062723c751e8b465ee728b)
Start importing Assets/Materials/d_buttonssosigninemail@2x.mat using Guid(c07c0a44c0c051e4c9c652d51b55490a) Importer(815301076,1909f56bfc062723c751e8b465ee728b)  -> (artifact id: '33db13fd7886a5e0c84a9ba50c39e3eb') in 0.019740 seconds 
========================================================================
Received Import Request.
  Time since last request: 0.000057 seconds.
  path: Assets/Materials/d_colorbuhoshechristmas.mat
  artifactKey: Guid(b7efb6a74f680b44c8d5ecc6bc7c8ae6) Importer(815301076,1909f56bfc062723c751e8b465ee728b)
Start importing Assets/Materials/d_colorbuhoshechristmas.mat using Guid(b7efb6a74f680b44c8d5ecc6bc7c8ae6) Importer(815301076,1909f56bfc062723c751e8b465ee728b)  -> (artifact id: '42a811d1abb109719ae178e5dd890938') in 0.021480 seconds 
========================================================================
Received Import Request.
  Time since last request: 0.000032 seconds.
  path: Assets/Materials/Carbon_Pricing_Information.mat
  artifactKey: Guid(f7af1177f22ff9f51b892d39889a025c) Importer(815301076,1909f56bfc062723c751e8b465ee728b)
Start importing Assets/Materials/Carbon_Pricing_Information.mat using Guid(f7af1177f22ff9f51b892d39889a025c) Importer(815301076,1909f56bfc062723c751e8b465ee728b)  -> (artifact id: '085bdc86498634483c471c82a9530fee') in 0.013756 seconds 
========================================================================
Received Import Request.
  Time since last request: 0.000023 seconds.
  path: Assets/Materials/Afforestation.mat
  artifactKey: Guid(459d1d0cc5ae2226897d32d6d9120bef) Importer(815301076,1909f56bfc062723c751e8b465ee728b)
Start importing Assets/Materials/Afforestation.mat using Guid(459d1d0cc5ae2226897d32d6d9120bef) Importer(815301076,1909f56bfc062723c751e8b465ee728b)  -> (artifact id: 'e172dfe285ca785efa293c785f192fa2') in 0.016314 seconds 
========================================================================
Received Import Request.
  Time since last request: 0.000023 seconds.
  path: Assets/Materials/Carbon_Pricing.mat
  artifactKey: Guid(9cdf879c0efcfab3c959237ccf2e69f1) Importer(815301076,1909f56bfc062723c751e8b465ee728b)
Start importing Assets/Materials/Carbon_Pricing.mat using Guid(9cdf879c0efcfab3c959237ccf2e69f1) Importer(815301076,1909f56bfc062723c751e8b465ee728b)  -> (artifact id: '243c03e4d8410952d7f04432fb9f4bbf') in 0.020509 seconds 
========================================================================
Received Import Request.
  Time since last request: 0.000076 seconds.
  path: Assets/Materials/Carbon_Removal_Tree.mat
  artifactKey: Guid(75dd788d4888b244a99a1d4a20074c5b) Importer(815301076,1909f56bfc062723c751e8b465ee728b)
Start importing Assets/Materials/Carbon_Removal_Tree.mat using Guid(75dd788d4888b244a99a1d4a20074c5b) Importer(815301076,1909f56bfc062723c751e8b465ee728b)  -> (artifact id: '4b32f7649fb5e8692429cf2f4162e0c5') in 0.021141 seconds 
========================================================================
Received Import Request.
  Time since last request: 0.000040 seconds.
  path: Assets/Materials/Coal - Global Sources of Primary Energy.mat
  artifactKey: Guid(ef84ce7b2bee7cd19bc6257c5925182a) Importer(815301076,1909f56bfc062723c751e8b465ee728b)
Start importing Assets/Materials/Coal - Global Sources of Primary Energy.mat using Guid(ef84ce7b2bee7cd19bc6257c5925182a) Importer(815301076,1909f56bfc062723c751e8b465ee728b)  -> (artifact id: '17e0bc43be3366d812220727fbb05e25') in 0.015014 seconds 
========================================================================
Received Import Request.
  Time since last request: 0.000050 seconds.
  path: Assets/Materials/BI Efficiency - Final Energy Consumption.mat
  artifactKey: Guid(764f44ef1067646f097e77e85bd25ac9) Importer(815301076,1909f56bfc062723c751e8b465ee728b)
Start importing Assets/Materials/BI Efficiency - Final Energy Consumption.mat using Guid(764f44ef1067646f097e77e85bd25ac9) Importer(815301076,1909f56bfc062723c751e8b465ee728b)  -> (artifact id: 'd6a770282c93060bdf0f3d0264f744b9') in 0.013807 seconds 
========================================================================
Received Import Request.
  Time since last request: 0.000077 seconds.
  path: Assets/Materials/BI Electrification - Global Sources of Primary Energy.mat
  artifactKey: Guid(a61e589fe50492460ba0dfd28c32f30e) Importer(815301076,1909f56bfc062723c751e8b465ee728b)
Start importing Assets/Materials/BI Electrification - Global Sources of Primary Energy.mat using Guid(a61e589fe50492460ba0dfd28c32f30e) Importer(815301076,1909f56bfc062723c751e8b465ee728b)  -> (artifact id: '9b2a4c7feed70bcd41fb4aeafa0b0708') in 0.028196 seconds 
========================================================================
Received Import Request.
  Time since last request: 0.000062 seconds.
  path: Assets/Materials/d_cloudbuhoshe.mat
  artifactKey: Guid(81fb20830c01800449e9b77d71a364d0) Importer(815301076,1909f56bfc062723c751e8b465ee728b)
Start importing Assets/Materials/d_cloudbuhoshe.mat using Guid(81fb20830c01800449e9b77d71a364d0) Importer(815301076,1909f56bfc062723c751e8b465ee728b)  -> (artifact id: '96103301b5e85968196387dffe8af4b0') in 0.015212 seconds 
========================================================================
Received Import Request.
  Time since last request: 0.000033 seconds.
  path: Assets/Materials/Buldings_Industry.mat
  artifactKey: Guid(c9f817564af489d04a03e46628b6038b) Importer(815301076,1909f56bfc062723c751e8b465ee728b)
Start importing Assets/Materials/Buldings_Industry.mat using Guid(c9f817564af489d04a03e46628b6038b) Importer(815301076,1909f56bfc062723c751e8b465ee728b)  -> (artifact id: 'd396a13150d778d9e81f42bf47e09327') in 0.013724 seconds 
========================================================================
Received Import Request.
  Time since last request: 0.000030 seconds.
  path: Assets/Materials/Carbon_Pricing_Global_Sources_of_Primary_Energy.mat
  artifactKey: Guid(1a944cc145ea40cc396f3cc5b19a3e43) Importer(815301076,1909f56bfc062723c751e8b465ee728b)
Start importing Assets/Materials/Carbon_Pricing_Global_Sources_of_Primary_Energy.mat using Guid(1a944cc145ea40cc396f3cc5b19a3e43) Importer(815301076,1909f56bfc062723c751e8b465ee728b)  -> (artifact id: 'a9199d888432e46c02b7bd67ea4ebd69') in 0.039899 seconds 
========================================================================
Received Import Request.
  Time since last request: 0.000037 seconds.
  path: Assets/Materials/Cow.mat
  artifactKey: Guid(84f47f44af04d8bdc886e99b7ce86c72) Importer(815301076,1909f56bfc062723c751e8b465ee728b)
Start importing Assets/Materials/Cow.mat using Guid(84f47f44af04d8bdc886e99b7ce86c72) Importer(815301076,1909f56bfc062723c751e8b465ee728b)  -> (artifact id: 'f280811a7f3b5c7e52a646468429c5e3') in 0.016420 seconds 
========================================================================
Received Import Request.
  Time since last request: 0.000024 seconds.
  path: Assets/Materials/ControllerTrigger.mat
  artifactKey: Guid(4072133f504830c4e9628907540240ef) Importer(815301076,1909f56bfc062723c751e8b465ee728b)
Start importing Assets/Materials/ControllerTrigger.mat using Guid(4072133f504830c4e9628907540240ef) Importer(815301076,1909f56bfc062723c751e8b465ee728b)  -> (artifact id: '1606014efac6347b926e2205ac070550') in 0.020311 seconds 
========================================================================
Received Import Request.
  Time since last request: 0.000084 seconds.
  path: Assets/Materials/Correlations_Inactive.mat
  artifactKey: Guid(0a91706631f226849a8d3d1ce64f70b5) Importer(815301076,1909f56bfc062723c751e8b465ee728b)
Start importing Assets/Materials/Correlations_Inactive.mat using Guid(0a91706631f226849a8d3d1ce64f70b5) Importer(815301076,1909f56bfc062723c751e8b465ee728b)  -> (artifact id: 'dd19a6bff43dde18f97e29c5c02e41a3') in 0.020324 seconds 
========================================================================
Received Import Request.
  Time since last request: 0.000051 seconds.
  path: Assets/Materials/d_expertbuhoshe.mat
  artifactKey: Guid(56b22eee8844a5d4c8e2bb5f2e4521c3) Importer(815301076,1909f56bfc062723c751e8b465ee728b)
Start importing Assets/Materials/d_expertbuhoshe.mat using Guid(56b22eee8844a5d4c8e2bb5f2e4521c3) Importer(815301076,1909f56bfc062723c751e8b465ee728b)  -> (artifact id: '08e47a7bad3d5e7d09261a98fea6a5bd') in 0.013329 seconds 
========================================================================
Received Import Request.
  Time since last request: 0.000034 seconds.
  path: Assets/Materials/BI Electrification.mat
  artifactKey: Guid(2910c6b841041dd329cc64d779234775) Importer(815301076,1909f56bfc062723c751e8b465ee728b)
Start importing Assets/Materials/BI Electrification.mat using Guid(2910c6b841041dd329cc64d779234775) Importer(815301076,1909f56bfc062723c751e8b465ee728b)  -> (artifact id: 'd5092992f6ef65412786afa507503cff') in 0.024549 seconds 
========================================================================
Received Import Request.
  Time since last request: 0.000034 seconds.
  path: Assets/Materials/d_cloudbuhochristmas.mat
  artifactKey: Guid(ac48389460b124b4686aa282811d9f5d) Importer(815301076,1909f56bfc062723c751e8b465ee728b)
Start importing Assets/Materials/d_cloudbuhochristmas.mat using Guid(ac48389460b124b4686aa282811d9f5d) Importer(815301076,1909f56bfc062723c751e8b465ee728b)  -> (artifact id: '9183132ea229df2c2ec76fe5a94fd65e') in 0.018678 seconds 
========================================================================
Received Import Request.
  Time since last request: 0.000031 seconds.
  path: Assets/Materials/d_expertbuhochristmas.mat
  artifactKey: Guid(4539ea6f4768911499c3cfc1e21ea9e8) Importer(815301076,1909f56bfc062723c751e8b465ee728b)
Start importing Assets/Materials/d_expertbuhochristmas.mat using Guid(4539ea6f4768911499c3cfc1e21ea9e8) Importer(815301076,1909f56bfc062723c751e8b465ee728b)  -> (artifact id: '2ce9e106c27dd2a411f66790ba327612') in 0.015509 seconds 
========================================================================
Received Import Request.
  Time since last request: 0.000023 seconds.
  path: Assets/Materials/d_buttonssosigninemail.mat
  artifactKey: Guid(fd056a9348e0b42409a3805d130de1f4) Importer(815301076,1909f56bfc062723c751e8b465ee728b)
Start importing Assets/Materials/d_buttonssosigninemail.mat using Guid(fd056a9348e0b42409a3805d130de1f4) Importer(815301076,1909f56bfc062723c751e8b465ee728b)  -> (artifact id: '92c14916fac47162d7d9f6da7d9b37ec') in 0.020536 seconds 
========================================================================
Received Import Request.
  Time since last request: 0.000078 seconds.
  path: Assets/Materials/Carbon Pricing.mat
  artifactKey: Guid(c05c8e74c907ef5bc940bdb6d0cf9b14) Importer(815301076,1909f56bfc062723c751e8b465ee728b)
Start importing Assets/Materials/Carbon Pricing.mat using Guid(c05c8e74c907ef5bc940bdb6d0cf9b14) Importer(815301076,1909f56bfc062723c751e8b465ee728b)  -> (artifact id: 'fc62507b4a90754da2c9f6c822d76671') in 0.016988 seconds 
========================================================================
Received Import Request.
  Time since last request: 0.000024 seconds.
  path: Assets/Materials/Carbon_Removal.mat
  artifactKey: Guid(736c75a2381c90c87b6dab24fb068a65) Importer(815301076,1909f56bfc062723c751e8b465ee728b)
Start importing Assets/Materials/Carbon_Removal.mat using Guid(736c75a2381c90c87b6dab24fb068a65) Importer(815301076,1909f56bfc062723c751e8b465ee728b)  -> (artifact id: '8211ab3305be4eb18a6d5725ba8560d0') in 0.016895 seconds 
========================================================================
Received Import Request.
  Time since last request: 0.000028 seconds.
  path: Assets/Materials/d_cloudbuho.mat
  artifactKey: Guid(5fcc9445b5f86e749a9f3cd5bc65c5b3) Importer(815301076,1909f56bfc062723c751e8b465ee728b)
Start importing Assets/Materials/d_cloudbuho.mat using Guid(5fcc9445b5f86e749a9f3cd5bc65c5b3) Importer(815301076,1909f56bfc062723c751e8b465ee728b)  -> (artifact id: 'f2fb427c8534e2d17408aa5735cb9938') in 0.017058 seconds 
========================================================================
Received Import Request.
  Time since last request: 0.000081 seconds.
  path: Assets/Materials/Carbon pricing - Final Energy Consumption.mat
  artifactKey: Guid(b3bd365e8782bfa65824ca64d2198226) Importer(815301076,1909f56bfc062723c751e8b465ee728b)
Start importing Assets/Materials/Carbon pricing - Final Energy Consumption.mat using Guid(b3bd365e8782bfa65824ca64d2198226) Importer(815301076,1909f56bfc062723c751e8b465ee728b)  -> (artifact id: '4dad71bbcb2b2b3a72936622e7721f78') in 0.029285 seconds 
========================================================================
Received Import Request.
  Time since last request: 0.000057 seconds.
  path: Assets/Materials/Coal Global Sources of Primary Energy.mat
  artifactKey: Guid(99b764e1c9538ff98af4b7b01a650e54) Importer(815301076,1909f56bfc062723c751e8b465ee728b)
Start importing Assets/Materials/Coal Global Sources of Primary Energy.mat using Guid(99b764e1c9538ff98af4b7b01a650e54) Importer(815301076,1909f56bfc062723c751e8b465ee728b)  -> (artifact id: 'd47d8d830242f64ea6c77c0b889e046d') in 0.015289 seconds 
========================================================================
Received Import Request.
  Time since last request: 0.000039 seconds.
  path: Assets/Materials/buttonssosigninemail@2x.mat
  artifactKey: Guid(ab45ef5f5bbec124fa59a1d938096f9f) Importer(815301076,1909f56bfc062723c751e8b465ee728b)
Start importing Assets/Materials/buttonssosigninemail@2x.mat using Guid(ab45ef5f5bbec124fa59a1d938096f9f) Importer(815301076,1909f56bfc062723c751e8b465ee728b)  -> (artifact id: '94f5b837996648701c3bb6cde8190936') in 0.016962 seconds 
========================================================================
Received Import Request.
  Time since last request: 0.000131 seconds.
  path: Assets/Materials/Carbon Pricing Global Sources of Primary Energy.mat
  artifactKey: Guid(1b211eef75a49d0b6a05c63caa4aa217) Importer(815301076,1909f56bfc062723c751e8b465ee728b)
Start importing Assets/Materials/Carbon Pricing Global Sources of Primary Energy.mat using Guid(1b211eef75a49d0b6a05c63caa4aa217) Importer(815301076,1909f56bfc062723c751e8b465ee728b)  -> (artifact id: '4fa70f02e4b22d07516e9d82e30c2bc6') in 0.029422 seconds 
========================================================================
Received Import Request.
  Time since last request: 0.000035 seconds.
  path: Assets/Materials/Carbon Pricing - Global Sources of Primary Energy.mat
  artifactKey: Guid(6e958d809caeef94c855082f22e728ad) Importer(815301076,1909f56bfc062723c751e8b465ee728b)
Start importing Assets/Materials/Carbon Pricing - Global Sources of Primary Energy.mat using Guid(6e958d809caeef94c855082f22e728ad) Importer(815301076,1909f56bfc062723c751e8b465ee728b)  -> (artifact id: '04b89bfcfa23408d67aece30894394e7') in 0.014469 seconds 
========================================================================
Received Import Request.
  Time since last request: 0.000041 seconds.
  path: Assets/Materials/d_colorbuhochristmas.mat
  artifactKey: Guid(6be306835311a8c4eaff65ddb20a81da) Importer(815301076,1909f56bfc062723c751e8b465ee728b)
Start importing Assets/Materials/d_colorbuhochristmas.mat using Guid(6be306835311a8c4eaff65ddb20a81da) Importer(815301076,1909f56bfc062723c751e8b465ee728b)  -> (artifact id: '2b6ad3c2aa8d52224f4832dc6e7bae0b') in 0.016369 seconds 
========================================================================
Received Import Request.
  Time since last request: 0.000026 seconds.
  path: Assets/Prefabs/Main Camera.prefab
  artifactKey: Guid(d862fc5550b2fc4dca919fd1fbc92eb6) Importer(815301076,1909f56bfc062723c751e8b465ee728b)
Start importing Assets/Prefabs/Main Camera.prefab using Guid(d862fc5550b2fc4dca919fd1fbc92eb6) Importer(815301076,1909f56bfc062723c751e8b465ee728b)  -> (artifact id: '1ca5489180a68a8659933bff8cd8d625') in 0.014762 seconds 
========================================================================
Received Import Request.
  Time since last request: 2.097876 seconds.
  path: Assets/Prefabs/Panels
  artifactKey: Guid(6de36738889ecf9509505b50081b7318) Importer(815301076,1909f56bfc062723c751e8b465ee728b)
Start importing Assets/Prefabs/Panels using Guid(6de36738889ecf9509505b50081b7318) Importer(815301076,1909f56bfc062723c751e8b465ee728b)  -> (artifact id: 'd36e2d5ed543e3d678bff4201679128c') in 0.006527 seconds 
========================================================================
Received Import Request.
  Time since last request: 0.112758 seconds.
  path: Assets/Prefabs/Panels/GraphTexts.prefab
  artifactKey: Guid(d7d334ee93f3bcf40a43584be974b557) Importer(815301076,1909f56bfc062723c751e8b465ee728b)
Start importing Assets/Prefabs/Panels/GraphTexts.prefab using Guid(d7d334ee93f3bcf40a43584be974b557) Importer(815301076,1909f56bfc062723c751e8b465ee728b)  -> (artifact id: '4a5c3f413990972dc706d4bb33c75715') in 0.009524 seconds 
========================================================================
Received Prepare
Registering precompiled user dll's ...
Registered in 0.017089 seconds.
Begin MonoManager ReloadAssembly
Native extension for WindowsStandalone target not found
Refreshing native plugins compatible for Editor in 1.17 ms, found 14 plugins.
Preloading 1 native plugins for Editor in 0.15 ms.
System.Reflection.TargetInvocationException: Exception has been thrown by the target of an invocation. ---> System.NullReferenceException: Object reference not set to an instance of an object
  at Unity.XR.Oculus.OculusLoader.AssetPathToAbsolutePath (System.String assetPath) [0x0003d] in C:\Users\killa\Documents\GitHub\InteractiveClimateMuseum\ClimateMuseum_VR\Library\PackageCache\com.unity.xr.oculus@3.3.0\Runtime\OculusLoader.cs:282 
  at Unity.XR.Oculus.OculusLoader.EditorLoadOVRPlugin () [0x0007b] in C:\Users\killa\Documents\GitHub\InteractiveClimateMuseum\ClimateMuseum_VR\Library\PackageCache\com.unity.xr.oculus@3.3.0\Runtime\OculusLoader.cs:267 
  at (wrapper managed-to-native) System.Reflection.RuntimeMethodInfo.InternalInvoke(System.Reflection.RuntimeMethodInfo,object,object[],System.Exception&)
  at System.Reflection.RuntimeMethodInfo.Invoke (System.Object obj, System.Reflection.BindingFlags invokeAttr, System.Reflection.Binder binder, System.Object[] parameters, System.Globalization.CultureInfo culture) [0x0006a] in <a40b0ad4a868437393ad434631fb6ff1>:0 
   --- End of inner exception stack trace ---
  at System.Reflection.RuntimeMethodInfo.Invoke (System.Object obj, System.Reflection.BindingFlags invokeAttr, System.Reflection.Binder binder, System.Object[] parameters, System.Globalization.CultureInfo culture) [0x00083] in <a40b0ad4a868437393ad434631fb6ff1>:0 
  at System.Reflection.MethodBase.Invoke (System.Object obj, System.Object[] parameters) [0x00000] in <a40b0ad4a868437393ad434631fb6ff1>:0 
  at UnityEditor.EditorAssemblies.ProcessInitializeOnLoadMethodAttributes () [0x000a5] in <5092d70d16a64dd9a555dd50f38aead0>:0 
UnityEngine.StackTraceUtility:ExtractStackTrace ()
UnityEngine.DebugLogHandler:LogFormat (UnityEngine.LogType,UnityEngine.Object,string,object[])
UnityEngine.Logger:Log (UnityEngine.LogType,object)
UnityEngine.Debug:LogError (object)
UnityEditor.EditorAssemblies:ProcessInitializeOnLoadMethodAttributes ()

Mono: successfully reloaded assembly
- Completed reload, in  1.596 seconds
Domain Reload Profiling:
	ReloadAssembly (1597ms)
		BeginReloadAssembly (200ms)
			ExecutionOrderSort (0ms)
			DisableScriptedObjects (5ms)
			BackupInstance (0ms)
			ReleaseScriptingObjects (0ms)
			CreateAndSetChildDomain (46ms)
		EndReloadAssembly (1255ms)
			LoadAssemblies (138ms)
			RebuildTransferFunctionScriptingTraits (0ms)
			SetupTypeCache (309ms)
			ReleaseScriptCaches (1ms)
			RebuildScriptCaches (60ms)
			SetupLoadedEditorAssemblies (642ms)
				LogAssemblyErrors (0ms)
				InitializePlatformSupportModulesInManaged (10ms)
				SetLoadedEditorAssemblies (1ms)
				RefreshPlugins (1ms)
				BeforeProcessingInitializeOnLoad (99ms)
				ProcessInitializeOnLoadAttributes (442ms)
				ProcessInitializeOnLoadMethodAttributes (68ms)
				AfterProcessingInitializeOnLoad (21ms)
				EditorAssembliesLoaded (0ms)
			ExecutionOrderSort2 (0ms)
			AwakeInstancesAfterBackupRestoration (18ms)
Platform modules already initialized, skipping
Refreshing native plugins compatible for Editor in 8.91 ms, found 14 plugins.
Preloading 1 native plugins for Editor in 0.12 ms.
Unloading 2251 Unused Serialized files (Serialized files now loaded: 0)
Unloading 37 unused Assets / (25.4 KB). Loaded Objects now: 2821.
Memory consumption went from 104.2 MB to 104.2 MB.
Total: 4.531800 ms (FindLiveObjects: 0.264000 ms CreateObjectMapping: 0.136900 ms MarkObjects: 4.079100 ms  DeleteObjects: 0.050500 ms)

AssetImportParameters requested are different than current active one (requested -> active):
  custom:video-decoder-ogg-theora: a1e56fd34408186e4bbccfd4996cb3dc -> 
  custom:container-muxer-webm: aa71ff27fc2769a1b78a27578f13a17b -> 
  custom:container-demuxer-webm: 4f35f7cbe854078d1ac9338744f61a02 -> 
  custom:video-encoder-webm-vp8: eb34c28f22e8b96e1ab97ce403110664 -> 
  custom:audio-encoder-webm-vorbis: bf7c407c2cedff20999df2af8eb42d56 -> 
  custom:framework-win-MediaFoundation: 216162199b28c13a410421893ffa2e32 -> 
  custom:container-demuxer-ogg: 62fdf1f143b41e24485cea50d1cbac27 -> 
  custom:video-decoder-webm-vp8: 9c59270c3fd7afecdb556c50c9e8de78 -> 
  custom:audio-decoder-ogg-vorbis: bf7c407c2cedff20999df2af8eb42d56 -> 
========================================================================
Received Prepare
Registering precompiled user dll's ...
Registered in 0.015765 seconds.
Begin MonoManager ReloadAssembly
Native extension for WindowsStandalone target not found
Refreshing native plugins compatible for Editor in 1.38 ms, found 14 plugins.
Preloading 1 native plugins for Editor in 0.20 ms.
System.Reflection.TargetInvocationException: Exception has been thrown by the target of an invocation. ---> System.NullReferenceException: Object reference not set to an instance of an object
  at Unity.XR.Oculus.OculusLoader.AssetPathToAbsolutePath (System.String assetPath) [0x0003d] in C:\Users\killa\Documents\GitHub\InteractiveClimateMuseum\ClimateMuseum_VR\Library\PackageCache\com.unity.xr.oculus@3.3.0\Runtime\OculusLoader.cs:282 
  at Unity.XR.Oculus.OculusLoader.EditorLoadOVRPlugin () [0x0007b] in C:\Users\killa\Documents\GitHub\InteractiveClimateMuseum\ClimateMuseum_VR\Library\PackageCache\com.unity.xr.oculus@3.3.0\Runtime\OculusLoader.cs:267 
  at (wrapper managed-to-native) System.Reflection.RuntimeMethodInfo.InternalInvoke(System.Reflection.RuntimeMethodInfo,object,object[],System.Exception&)
  at System.Reflection.RuntimeMethodInfo.Invoke (System.Object obj, System.Reflection.BindingFlags invokeAttr, System.Reflection.Binder binder, System.Object[] parameters, System.Globalization.CultureInfo culture) [0x0006a] in <a40b0ad4a868437393ad434631fb6ff1>:0 
   --- End of inner exception stack trace ---
  at System.Reflection.RuntimeMethodInfo.Invoke (System.Object obj, System.Reflection.BindingFlags invokeAttr, System.Reflection.Binder binder, System.Object[] parameters, System.Globalization.CultureInfo culture) [0x00083] in <a40b0ad4a868437393ad434631fb6ff1>:0 
  at System.Reflection.MethodBase.Invoke (System.Object obj, System.Object[] parameters) [0x00000] in <a40b0ad4a868437393ad434631fb6ff1>:0 
  at UnityEditor.EditorAssemblies.ProcessInitializeOnLoadMethodAttributes () [0x000a5] in <5092d70d16a64dd9a555dd50f38aead0>:0 
UnityEngine.StackTraceUtility:ExtractStackTrace ()
UnityEngine.DebugLogHandler:LogFormat (UnityEngine.LogType,UnityEngine.Object,string,object[])
UnityEngine.Logger:Log (UnityEngine.LogType,object)
UnityEngine.Debug:LogError (object)
UnityEditor.EditorAssemblies:ProcessInitializeOnLoadMethodAttributes ()

Mono: successfully reloaded assembly
- Completed reload, in  1.636 seconds
Domain Reload Profiling:
	ReloadAssembly (1637ms)
		BeginReloadAssembly (241ms)
			ExecutionOrderSort (0ms)
			DisableScriptedObjects (8ms)
			BackupInstance (0ms)
			ReleaseScriptingObjects (0ms)
			CreateAndSetChildDomain (57ms)
		EndReloadAssembly (1221ms)
			LoadAssemblies (172ms)
			RebuildTransferFunctionScriptingTraits (0ms)
			SetupTypeCache (359ms)
			ReleaseScriptCaches (1ms)
			RebuildScriptCaches (65ms)
			SetupLoadedEditorAssemblies (561ms)
				LogAssemblyErrors (0ms)
				InitializePlatformSupportModulesInManaged (10ms)
				SetLoadedEditorAssemblies (1ms)
				RefreshPlugins (2ms)
				BeforeProcessingInitializeOnLoad (93ms)
				ProcessInitializeOnLoadAttributes (395ms)
				ProcessInitializeOnLoadMethodAttributes (46ms)
				AfterProcessingInitializeOnLoad (14ms)
				EditorAssembliesLoaded (0ms)
			ExecutionOrderSort2 (0ms)
			AwakeInstancesAfterBackupRestoration (13ms)
Platform modules already initialized, skipping
Refreshing native plugins compatible for Editor in 10.14 ms, found 14 plugins.
Preloading 1 native plugins for Editor in 0.14 ms.
Unloading 2251 Unused Serialized files (Serialized files now loaded: 0)
Unloading 36 unused Assets / (24.6 KB). Loaded Objects now: 2825.
Memory consumption went from 104.3 MB to 104.2 MB.
Total: 6.700100 ms (FindLiveObjects: 0.307200 ms CreateObjectMapping: 0.151300 ms MarkObjects: 6.187100 ms  DeleteObjects: 0.052100 ms)

AssetImportParameters requested are different than current active one (requested -> active):
  custom:video-decoder-ogg-theora: a1e56fd34408186e4bbccfd4996cb3dc -> 
  custom:container-muxer-webm: aa71ff27fc2769a1b78a27578f13a17b -> 
  custom:container-demuxer-webm: 4f35f7cbe854078d1ac9338744f61a02 -> 
  custom:video-encoder-webm-vp8: eb34c28f22e8b96e1ab97ce403110664 -> 
  custom:audio-encoder-webm-vorbis: bf7c407c2cedff20999df2af8eb42d56 -> 
  custom:framework-win-MediaFoundation: 216162199b28c13a410421893ffa2e32 -> 
  custom:container-demuxer-ogg: 62fdf1f143b41e24485cea50d1cbac27 -> 
  custom:video-decoder-webm-vp8: 9c59270c3fd7afecdb556c50c9e8de78 -> 
  custom:audio-decoder-ogg-vorbis: bf7c407c2cedff20999df2af8eb42d56 -> 
